<?xml version="1.0" encoding="UTF-8"?>
<testsuite name="TestEtsy" tests="1" skipped="0" failures="0" errors="0" timestamp="2021-02-22T19:44:51" hostname="Anurags-MacBook-Air.local" time="17.239">
  <properties/>
  <testcase name="mainTest" classname="TestEtsy" time="17.239"/>
  <system-out><![CDATA[]]></system-out>
  <system-err><![CDATA[Starting ChromeDriver 88.0.4324.96 (68dba2d8a0b149a1d3afac56fa74648032bcf46b-refs/branch-heads/4324@{#1784}) on port 36362
Only local connections are allowed.
Please see https://chromedriver.chromium.org/security-considerations for suggestions on keeping ChromeDriver safe.
ChromeDriver was started successfully.
Feb 22, 2021 8:44:50 PM org.openqa.selenium.remote.ProtocolHandshake createSession
INFO: Detected dialect: W3C
]]></system-err>
</testsuite>
